<?xml version="1.0" encoding="utf-8"?><testsuites><testsuite name="pytest" errors="0" failures="0" skipped="0" tests="0" time="2.034" timestamp="2021-01-03T17:52:40.306577" hostname="MacBook-Pro-Georgui.local" /></testsuites>