<?xml version="1.0" encoding="utf-8"?><testsuites><testsuite name="pytest" errors="1" failures="0" skipped="0" tests="1" time="2.190" timestamp="2021-04-30T12:47:31.968455" hostname="MacBook-Pro-Georgui.local"><testcase classname="" name="test_madhatter" time="0.000"><error message="collection failure">ImportError while importing test module '/Users/cosmos/Documents/GitHub/Haas-ToolBox/test_madhatter.py'.
Hint: make sure your test modules/packages have valid Python names.
Traceback:
/Library/Frameworks/Python.framework/Versions/3.8/lib/python3.8/importlib/__init__.py:127: in import_module
    return _bootstrap._gcd_import(name[level:], package, level)
test_madhatter.py:1: in &lt;module&gt;
    from madhatter import MadHatterBot
madhatter.py:14: in &lt;module&gt;
    from technical_analysis_for_haas import TA
E   ModuleNotFoundError: No module named 'technical_analysis_for_haas'</error></testcase></testsuite></testsuites>