<?xml version="1.0" encoding="utf-8"?><testsuites><testsuite name="pytest" errors="1" failures="0" skipped="0" tests="1" time="13.687" timestamp="2021-03-24T07:00:57.752286" hostname="MacBook-Pro-Georgui.local"><testcase classname="" name="test_madhatter" time="0.000"><error message="collection failure">env/lib/python3.8/site-packages/_pytest/python.py:571: in _importtestmodule
    mod = import_path(self.fspath, mode=importmode)
env/lib/python3.8/site-packages/_pytest/pathlib.py:517: in import_path
    importlib.import_module(module_name)
/Library/Frameworks/Python.framework/Versions/3.8/lib/python3.8/importlib/__init__.py:127: in import_module
    return _bootstrap._gcd_import(name[level:], package, level)
&lt;frozen importlib._bootstrap&gt;:1014: in _gcd_import
    ???
&lt;frozen importlib._bootstrap&gt;:991: in _find_and_load
    ???
&lt;frozen importlib._bootstrap&gt;:975: in _find_and_load_unlocked
    ???
&lt;frozen importlib._bootstrap&gt;:671: in _load_unlocked
    ???
env/lib/python3.8/site-packages/_pytest/assertion/rewrite.py:171: in exec_module
    exec(co, module.__dict__)
test_madhatter.py:1: in &lt;module&gt;
    from madhatter import MadHatterBot
madhatter.py:18: in &lt;module&gt;
    from menus import Menus
E     File "/Users/cosmos/Documents/GitHub/Haas-ToolBox/menus.py", line 28
E       "Set create limit",
E       ^
E   SyntaxError: invalid syntax</error></testcase></testsuite></testsuites>