<?xml version="1.0" encoding="utf-8"?><testsuites><testsuite name="pytest" errors="0" failures="0" skipped="0" tests="0" time="1.174" timestamp="2021-04-26T00:41:01.019572" hostname="MacBook-Pro-Georgui.local" /></testsuites>