<?xml version="1.0" encoding="utf-8"?><testsuites><testsuite name="pytest" errors="0" failures="0" skipped="0" tests="0" time="13.889" timestamp="2021-03-24T11:34:29.766953" hostname="MacBook-Pro-Georgui.local" /></testsuites>